<?xml version="1.0" encoding="UTF-8"?>
<testsuite xmlns:xsi="http://www.w3.org/2001/XMLSchema-instance" xsi:noNamespaceSchemaLocation="https://maven.apache.org/surefire/maven-surefire-plugin/xsd/surefire-test-report.xsd" name="com.example.VisionApiSampleApplicationTests" time="0.043" tests="1" errors="0" skipped="1" failures="0">
  <properties>
    <property name="sun.desktop" value="windows"/>
    <property name="awt.toolkit" value="sun.awt.windows.WToolkit"/>
    <property name="java.specification.version" value="11"/>
    <property name="sun.cpu.isalist" value="amd64"/>
    <property name="sun.jnu.encoding" value="Cp1252"/>
    <property name="java.class.path" value="C:\Users\aira.fauna.g.ansay\Documents\Google Cloud Vision API\google_cloud_visio_api_prototype\spring-cloud-gcp-vision-api-sample\target\test-classes;C:\Users\aira.fauna.g.ansay\Documents\Google Cloud Vision API\google_cloud_visio_api_prototype\spring-cloud-gcp-vision-api-sample\target\classes;C:\Users\aira.fauna.g.ansay\.m2\repository\org\springframework\cloud\spring-cloud-gcp-starter\1.2.0.RELEASE\spring-cloud-gcp-starter-1.2.0.RELEASE.jar;C:\Users\aira.fauna.g.ansay\.m2\repository\org\springframework\cloud\spring-cloud-gcp-core\1.2.0.RELEASE\spring-cloud-gcp-core-1.2.0.RELEASE.jar;C:\Users\aira.fauna.g.ansay\.m2\repository\com\google\cloud\google-cloud-core\1.91.3\google-cloud-core-1.91.3.jar;C:\Users\aira.fauna.g.ansay\.m2\repository\com\google\protobuf\protobuf-java-util\3.10.0\protobuf-java-util-3.10.0.jar;C:\Users\aira.fauna.g.ansay\.m2\repository\com\google\code\gson\gson\2.8.6\gson-2.8.6.jar;C:\Users\aira.fauna.g.ansay\.m2\repository\com\google\api\grpc\proto-google-iam-v1\0.13.0\proto-google-iam-v1-0.13.0.jar;C:\Users\aira.fauna.g.ansay\.m2\repository\com\google\auth\google-auth-library-credentials\0.18.0\google-auth-library-credentials-0.18.0.jar;C:\Users\aira.fauna.g.ansay\.m2\repository\com\google\auth\google-auth-library-oauth2-http\0.18.0\google-auth-library-oauth2-http-0.18.0.jar;C:\Users\aira.fauna.g.ansay\.m2\repository\com\google\auto\value\auto-value-annotations\1.6.6\auto-value-annotations-1.6.6.jar;C:\Users\aira.fauna.g.ansay\.m2\repository\com\google\http-client\google-http-client\1.32.1\google-http-client-1.32.1.jar;C:\Users\aira.fauna.g.ansay\.m2\repository\org\apache\httpcomponents\httpclient\4.5.10\httpclient-4.5.10.jar;C:\Users\aira.fauna.g.ansay\.m2\repository\commons-codec\commons-codec\1.13\commons-codec-1.13.jar;C:\Users\aira.fauna.g.ansay\.m2\repository\org\apache\httpcomponents\httpcore\4.4.12\httpcore-4.4.12.jar;C:\Users\aira.fauna.g.ansay\.m2\repository\io\opencensus\opencensus-contrib-http-util\0.24.0\opencensus-contrib-http-util-0.24.0.jar;C:\Users\aira.fauna.g.ansay\.m2\repository\com\google\http-client\google-http-client-jackson2\1.32.1\google-http-client-jackson2-1.32.1.jar;C:\Users\aira.fauna.g.ansay\.m2\repository\org\springframework\spring-context\5.2.2.RELEASE\spring-context-5.2.2.RELEASE.jar;C:\Users\aira.fauna.g.ansay\.m2\repository\org\springframework\cloud\spring-cloud-gcp-autoconfigure\1.2.0.RELEASE\spring-cloud-gcp-autoconfigure-1.2.0.RELEASE.jar;C:\Users\aira.fauna.g.ansay\.m2\repository\org\springframework\boot\spring-boot-autoconfigure\2.2.2.RELEASE\spring-boot-autoconfigure-2.2.2.RELEASE.jar;C:\Users\aira.fauna.g.ansay\.m2\repository\org\springframework\boot\spring-boot-starter\2.2.2.RELEASE\spring-boot-starter-2.2.2.RELEASE.jar;C:\Users\aira.fauna.g.ansay\.m2\repository\org\springframework\boot\spring-boot\2.2.2.RELEASE\spring-boot-2.2.2.RELEASE.jar;C:\Users\aira.fauna.g.ansay\.m2\repository\org\springframework\boot\spring-boot-starter-logging\2.2.2.RELEASE\spring-boot-starter-logging-2.2.2.RELEASE.jar;C:\Users\aira.fauna.g.ansay\.m2\repository\ch\qos\logback\logback-classic\1.2.3\logback-classic-1.2.3.jar;C:\Users\aira.fauna.g.ansay\.m2\repository\ch\qos\logback\logback-core\1.2.3\logback-core-1.2.3.jar;C:\Users\aira.fauna.g.ansay\.m2\repository\org\apache\logging\log4j\log4j-to-slf4j\2.12.1\log4j-to-slf4j-2.12.1.jar;C:\Users\aira.fauna.g.ansay\.m2\repository\org\apache\logging\log4j\log4j-api\2.12.1\log4j-api-2.12.1.jar;C:\Users\aira.fauna.g.ansay\.m2\repository\org\slf4j\jul-to-slf4j\1.7.29\jul-to-slf4j-1.7.29.jar;C:\Users\aira.fauna.g.ansay\.m2\repository\jakarta\annotation\jakarta.annotation-api\1.3.5\jakarta.annotation-api-1.3.5.jar;C:\Users\aira.fauna.g.ansay\.m2\repository\org\yaml\snakeyaml\1.25\snakeyaml-1.25.jar;C:\Users\aira.fauna.g.ansay\.m2\repository\org\slf4j\slf4j-api\1.7.29\slf4j-api-1.7.29.jar;C:\Users\aira.fauna.g.ansay\.m2\repository\org\springframework\cloud\spring-cloud-gcp-starter-vision\1.2.0.RELEASE\spring-cloud-gcp-starter-vision-1.2.0.RELEASE.jar;C:\Users\aira.fauna.g.ansay\.m2\repository\org\springframework\cloud\spring-cloud-gcp-vision\1.2.0.RELEASE\spring-cloud-gcp-vision-1.2.0.RELEASE.jar;C:\Users\aira.fauna.g.ansay\.m2\repository\com\google\cloud\google-cloud-vision\1.98.0\google-cloud-vision-1.98.0.jar;C:\Users\aira.fauna.g.ansay\.m2\repository\io\grpc\grpc-stub\1.24.1\grpc-stub-1.24.1.jar;C:\Users\aira.fauna.g.ansay\.m2\repository\io\grpc\grpc-protobuf\1.24.1\grpc-protobuf-1.24.1.jar;C:\Users\aira.fauna.g.ansay\.m2\repository\io\grpc\grpc-protobuf-lite\1.24.1\grpc-protobuf-lite-1.24.1.jar;C:\Users\aira.fauna.g.ansay\.m2\repository\com\google\api\api-common\1.8.1\api-common-1.8.1.jar;C:\Users\aira.fauna.g.ansay\.m2\repository\com\google\code\findbugs\jsr305\3.0.2\jsr305-3.0.2.jar;C:\Users\aira.fauna.g.ansay\.m2\repository\com\google\protobuf\protobuf-java\3.10.0\protobuf-java-3.10.0.jar;C:\Users\aira.fauna.g.ansay\.m2\repository\com\google\api\grpc\proto-google-common-protos\1.17.0\proto-google-common-protos-1.17.0.jar;C:\Users\aira.fauna.g.ansay\.m2\repository\com\google\api\grpc\proto-google-cloud-vision-v1p4beta1\0.81.0\proto-google-cloud-vision-v1p4beta1-0.81.0.jar;C:\Users\aira.fauna.g.ansay\.m2\repository\com\google\api\grpc\proto-google-cloud-vision-v1\1.80.0\proto-google-cloud-vision-v1-1.80.0.jar;C:\Users\aira.fauna.g.ansay\.m2\repository\com\google\api\grpc\proto-google-cloud-vision-v1p1beta1\0.81.0\proto-google-cloud-vision-v1p1beta1-0.81.0.jar;C:\Users\aira.fauna.g.ansay\.m2\repository\com\google\api\grpc\proto-google-cloud-vision-v1p3beta1\0.81.0\proto-google-cloud-vision-v1p3beta1-0.81.0.jar;C:\Users\aira.fauna.g.ansay\.m2\repository\com\google\api\grpc\proto-google-cloud-vision-v1p2beta1\1.80.0\proto-google-cloud-vision-v1p2beta1-1.80.0.jar;C:\Users\aira.fauna.g.ansay\.m2\repository\com\google\guava\guava\28.1-android\guava-28.1-android.jar;C:\Users\aira.fauna.g.ansay\.m2\repository\com\google\guava\failureaccess\1.0.1\failureaccess-1.0.1.jar;C:\Users\aira.fauna.g.ansay\.m2\repository\com\google\guava\listenablefuture\9999.0-empty-to-avoid-conflict-with-guava\listenablefuture-9999.0-empty-to-avoid-conflict-with-guava.jar;C:\Users\aira.fauna.g.ansay\.m2\repository\org\checkerframework\checker-compat-qual\2.5.5\checker-compat-qual-2.5.5.jar;C:\Users\aira.fauna.g.ansay\.m2\repository\com\google\errorprone\error_prone_annotations\2.3.2\error_prone_annotations-2.3.2.jar;C:\Users\aira.fauna.g.ansay\.m2\repository\com\google\j2objc\j2objc-annotations\1.3\j2objc-annotations-1.3.jar;C:\Users\aira.fauna.g.ansay\.m2\repository\org\codehaus\mojo\animal-sniffer-annotations\1.18\animal-sniffer-annotations-1.18.jar;C:\Users\aira.fauna.g.ansay\.m2\repository\com\google\api\gax\1.49.1\gax-1.49.1.jar;C:\Users\aira.fauna.g.ansay\.m2\repository\io\opencensus\opencensus-api\0.24.0\opencensus-api-0.24.0.jar;C:\Users\aira.fauna.g.ansay\.m2\repository\io\grpc\grpc-context\1.22.1\grpc-context-1.22.1.jar;C:\Users\aira.fauna.g.ansay\.m2\repository\com\google\api\gax-grpc\1.49.1\gax-grpc-1.49.1.jar;C:\Users\aira.fauna.g.ansay\.m2\repository\io\grpc\grpc-auth\1.23.0\grpc-auth-1.23.0.jar;C:\Users\aira.fauna.g.ansay\.m2\repository\io\grpc\grpc-api\1.23.0\grpc-api-1.23.0.jar;C:\Users\aira.fauna.g.ansay\.m2\repository\io\grpc\grpc-netty-shaded\1.23.0\grpc-netty-shaded-1.23.0.jar;C:\Users\aira.fauna.g.ansay\.m2\repository\io\grpc\grpc-core\1.23.0\grpc-core-1.23.0.jar;C:\Users\aira.fauna.g.ansay\.m2\repository\com\google\android\annotations\4.1.1.4\annotations-4.1.1.4.jar;C:\Users\aira.fauna.g.ansay\.m2\repository\io\perfmark\perfmark-api\0.17.0\perfmark-api-0.17.0.jar;C:\Users\aira.fauna.g.ansay\.m2\repository\io\opencensus\opencensus-contrib-grpc-metrics\0.21.0\opencensus-contrib-grpc-metrics-0.21.0.jar;C:\Users\aira.fauna.g.ansay\.m2\repository\io\grpc\grpc-alts\1.23.0\grpc-alts-1.23.0.jar;C:\Users\aira.fauna.g.ansay\.m2\repository\io\grpc\grpc-grpclb\1.23.0\grpc-grpclb-1.23.0.jar;C:\Users\aira.fauna.g.ansay\.m2\repository\org\apache\commons\commons-lang3\3.9\commons-lang3-3.9.jar;C:\Users\aira.fauna.g.ansay\.m2\repository\org\threeten\threetenbp\1.4.0\threetenbp-1.4.0.jar;C:\Users\aira.fauna.g.ansay\.m2\repository\javax\annotation\javax.annotation-api\1.3.2\javax.annotation-api-1.3.2.jar;C:\Users\aira.fauna.g.ansay\.m2\repository\org\springframework\boot\spring-boot-starter-web\2.2.2.RELEASE\spring-boot-starter-web-2.2.2.RELEASE.jar;C:\Users\aira.fauna.g.ansay\.m2\repository\org\springframework\boot\spring-boot-starter-json\2.2.2.RELEASE\spring-boot-starter-json-2.2.2.RELEASE.jar;C:\Users\aira.fauna.g.ansay\.m2\repository\com\fasterxml\jackson\core\jackson-databind\2.10.1\jackson-databind-2.10.1.jar;C:\Users\aira.fauna.g.ansay\.m2\repository\com\fasterxml\jackson\core\jackson-annotations\2.10.1\jackson-annotations-2.10.1.jar;C:\Users\aira.fauna.g.ansay\.m2\repository\com\fasterxml\jackson\core\jackson-core\2.10.1\jackson-core-2.10.1.jar;C:\Users\aira.fauna.g.ansay\.m2\repository\com\fasterxml\jackson\datatype\jackson-datatype-jdk8\2.10.1\jackson-datatype-jdk8-2.10.1.jar;C:\Users\aira.fauna.g.ansay\.m2\repository\com\fasterxml\jackson\datatype\jackson-datatype-jsr310\2.10.1\jackson-datatype-jsr310-2.10.1.jar;C:\Users\aira.fauna.g.ansay\.m2\repository\com\fasterxml\jackson\module\jackson-module-parameter-names\2.10.1\jackson-module-parameter-names-2.10.1.jar;C:\Users\aira.fauna.g.ansay\.m2\repository\org\springframework\boot\spring-boot-starter-tomcat\2.2.2.RELEASE\spring-boot-starter-tomcat-2.2.2.RELEASE.jar;C:\Users\aira.fauna.g.ansay\.m2\repository\org\apache\tomcat\embed\tomcat-embed-core\9.0.29\tomcat-embed-core-9.0.29.jar;C:\Users\aira.fauna.g.ansay\.m2\repository\org\apache\tomcat\embed\tomcat-embed-el\9.0.29\tomcat-embed-el-9.0.29.jar;C:\Users\aira.fauna.g.ansay\.m2\repository\org\apache\tomcat\embed\tomcat-embed-websocket\9.0.29\tomcat-embed-websocket-9.0.29.jar;C:\Users\aira.fauna.g.ansay\.m2\repository\org\springframework\boot\spring-boot-starter-validation\2.2.2.RELEASE\spring-boot-starter-validation-2.2.2.RELEASE.jar;C:\Users\aira.fauna.g.ansay\.m2\repository\jakarta\validation\jakarta.validation-api\2.0.1\jakarta.validation-api-2.0.1.jar;C:\Users\aira.fauna.g.ansay\.m2\repository\org\hibernate\validator\hibernate-validator\6.0.18.Final\hibernate-validator-6.0.18.Final.jar;C:\Users\aira.fauna.g.ansay\.m2\repository\org\jboss\logging\jboss-logging\3.4.1.Final\jboss-logging-3.4.1.Final.jar;C:\Users\aira.fauna.g.ansay\.m2\repository\com\fasterxml\classmate\1.5.1\classmate-1.5.1.jar;C:\Users\aira.fauna.g.ansay\.m2\repository\org\springframework\spring-web\5.2.2.RELEASE\spring-web-5.2.2.RELEASE.jar;C:\Users\aira.fauna.g.ansay\.m2\repository\org\springframework\spring-beans\5.2.2.RELEASE\spring-beans-5.2.2.RELEASE.jar;C:\Users\aira.fauna.g.ansay\.m2\repository\org\springframework\spring-webmvc\5.2.2.RELEASE\spring-webmvc-5.2.2.RELEASE.jar;C:\Users\aira.fauna.g.ansay\.m2\repository\org\springframework\spring-aop\5.2.2.RELEASE\spring-aop-5.2.2.RELEASE.jar;C:\Users\aira.fauna.g.ansay\.m2\repository\org\springframework\spring-expression\5.2.2.RELEASE\spring-expression-5.2.2.RELEASE.jar;C:\Users\aira.fauna.g.ansay\.m2\repository\org\conscrypt\conscrypt-openjdk-uber\2.2.1\conscrypt-openjdk-uber-2.2.1.jar;C:\Users\aira.fauna.g.ansay\.m2\repository\org\springframework\boot\spring-boot-starter-thymeleaf\2.2.2.RELEASE\spring-boot-starter-thymeleaf-2.2.2.RELEASE.jar;C:\Users\aira.fauna.g.ansay\.m2\repository\org\thymeleaf\thymeleaf-spring5\3.0.11.RELEASE\thymeleaf-spring5-3.0.11.RELEASE.jar;C:\Users\aira.fauna.g.ansay\.m2\repository\org\thymeleaf\thymeleaf\3.0.11.RELEASE\thymeleaf-3.0.11.RELEASE.jar;C:\Users\aira.fauna.g.ansay\.m2\repository\org\attoparser\attoparser\2.0.5.RELEASE\attoparser-2.0.5.RELEASE.jar;C:\Users\aira.fauna.g.ansay\.m2\repository\org\unbescape\unbescape\1.1.6.RELEASE\unbescape-1.1.6.RELEASE.jar;C:\Users\aira.fauna.g.ansay\.m2\repository\org\thymeleaf\extras\thymeleaf-extras-java8time\3.0.4.RELEASE\thymeleaf-extras-java8time-3.0.4.RELEASE.jar;C:\Users\aira.fauna.g.ansay\.m2\repository\org\awaitility\awaitility\4.0.1\awaitility-4.0.1.jar;C:\Users\aira.fauna.g.ansay\.m2\repository\org\hamcrest\hamcrest\2.1\hamcrest-2.1.jar;C:\Users\aira.fauna.g.ansay\.m2\repository\junit\junit\4.12\junit-4.12.jar;C:\Users\aira.fauna.g.ansay\.m2\repository\org\hamcrest\hamcrest-core\2.1\hamcrest-core-2.1.jar;C:\Users\aira.fauna.g.ansay\.m2\repository\org\springframework\boot\spring-boot-starter-test\2.2.2.RELEASE\spring-boot-starter-test-2.2.2.RELEASE.jar;C:\Users\aira.fauna.g.ansay\.m2\repository\org\springframework\boot\spring-boot-test\2.2.2.RELEASE\spring-boot-test-2.2.2.RELEASE.jar;C:\Users\aira.fauna.g.ansay\.m2\repository\org\springframework\boot\spring-boot-test-autoconfigure\2.2.2.RELEASE\spring-boot-test-autoconfigure-2.2.2.RELEASE.jar;C:\Users\aira.fauna.g.ansay\.m2\repository\com\jayway\jsonpath\json-path\2.4.0\json-path-2.4.0.jar;C:\Users\aira.fauna.g.ansay\.m2\repository\net\minidev\json-smart\2.3\json-smart-2.3.jar;C:\Users\aira.fauna.g.ansay\.m2\repository\net\minidev\accessors-smart\1.2\accessors-smart-1.2.jar;C:\Users\aira.fauna.g.ansay\.m2\repository\org\ow2\asm\asm\5.0.4\asm-5.0.4.jar;C:\Users\aira.fauna.g.ansay\.m2\repository\jakarta\xml\bind\jakarta.xml.bind-api\2.3.2\jakarta.xml.bind-api-2.3.2.jar;C:\Users\aira.fauna.g.ansay\.m2\repository\jakarta\activation\jakarta.activation-api\1.2.1\jakarta.activation-api-1.2.1.jar;C:\Users\aira.fauna.g.ansay\.m2\repository\org\junit\jupiter\junit-jupiter\5.5.2\junit-jupiter-5.5.2.jar;C:\Users\aira.fauna.g.ansay\.m2\repository\org\junit\jupiter\junit-jupiter-api\5.5.2\junit-jupiter-api-5.5.2.jar;C:\Users\aira.fauna.g.ansay\.m2\repository\org\opentest4j\opentest4j\1.2.0\opentest4j-1.2.0.jar;C:\Users\aira.fauna.g.ansay\.m2\repository\org\junit\platform\junit-platform-commons\1.5.2\junit-platform-commons-1.5.2.jar;C:\Users\aira.fauna.g.ansay\.m2\repository\org\junit\jupiter\junit-jupiter-params\5.5.2\junit-jupiter-params-5.5.2.jar;C:\Users\aira.fauna.g.ansay\.m2\repository\org\junit\jupiter\junit-jupiter-engine\5.5.2\junit-jupiter-engine-5.5.2.jar;C:\Users\aira.fauna.g.ansay\.m2\repository\org\junit\vintage\junit-vintage-engine\5.5.2\junit-vintage-engine-5.5.2.jar;C:\Users\aira.fauna.g.ansay\.m2\repository\org\apiguardian\apiguardian-api\1.1.0\apiguardian-api-1.1.0.jar;C:\Users\aira.fauna.g.ansay\.m2\repository\org\junit\platform\junit-platform-engine\1.5.2\junit-platform-engine-1.5.2.jar;C:\Users\aira.fauna.g.ansay\.m2\repository\org\mockito\mockito-junit-jupiter\3.1.0\mockito-junit-jupiter-3.1.0.jar;C:\Users\aira.fauna.g.ansay\.m2\repository\org\assertj\assertj-core\3.13.2\assertj-core-3.13.2.jar;C:\Users\aira.fauna.g.ansay\.m2\repository\org\mockito\mockito-core\3.1.0\mockito-core-3.1.0.jar;C:\Users\aira.fauna.g.ansay\.m2\repository\net\bytebuddy\byte-buddy\1.10.4\byte-buddy-1.10.4.jar;C:\Users\aira.fauna.g.ansay\.m2\repository\net\bytebuddy\byte-buddy-agent\1.10.4\byte-buddy-agent-1.10.4.jar;C:\Users\aira.fauna.g.ansay\.m2\repository\org\objenesis\objenesis\2.6\objenesis-2.6.jar;C:\Users\aira.fauna.g.ansay\.m2\repository\org\skyscreamer\jsonassert\1.5.0\jsonassert-1.5.0.jar;C:\Users\aira.fauna.g.ansay\.m2\repository\com\vaadin\external\google\android-json\0.0.20131108.vaadin1\android-json-0.0.20131108.vaadin1.jar;C:\Users\aira.fauna.g.ansay\.m2\repository\org\springframework\spring-core\5.2.2.RELEASE\spring-core-5.2.2.RELEASE.jar;C:\Users\aira.fauna.g.ansay\.m2\repository\org\springframework\spring-jcl\5.2.2.RELEASE\spring-jcl-5.2.2.RELEASE.jar;C:\Users\aira.fauna.g.ansay\.m2\repository\org\springframework\spring-test\5.2.2.RELEASE\spring-test-5.2.2.RELEASE.jar;C:\Users\aira.fauna.g.ansay\.m2\repository\org\xmlunit\xmlunit-core\2.6.3\xmlunit-core-2.6.3.jar;C:\Users\aira.fauna.g.ansay\.m2\repository\commons-io\commons-io\2.5\commons-io-2.5.jar;"/>
    <property name="java.vm.vendor" value="Oracle Corporation"/>
    <property name="sun.arch.data.model" value="64"/>
    <property name="user.variant" value=""/>
    <property name="java.vendor.url" value="http://java.oracle.com/"/>
    <property name="user.timezone" value="Asia/Shanghai"/>
    <property name="java.vm.specification.version" value="11"/>
    <property name="os.name" value="Windows 10"/>
    <property name="sun.java.launcher" value="SUN_STANDARD"/>
    <property name="user.country" value="US"/>
    <property name="sun.boot.library.path" value="C:\Program Files (x86)\Java\openjdk-11.0.5_10\bin"/>
    <property name="sun.java.command" value="C:\Users\AIRAFA~1.ANS\AppData\Local\Temp\surefire6288817582880959874\surefirebooter12091960388954428919.jar C:\Users\aira.fauna.g.ansay\AppData\Local\Temp\surefire6288817582880959874 2020-01-14T15-44-14_984-jvmRun1 surefire16105024436027449091tmp surefire_08401881321921997974tmp"/>
    <property name="jdk.debug" value="release"/>
    <property name="surefire.test.class.path" value="C:\Users\aira.fauna.g.ansay\Documents\Google Cloud Vision API\google_cloud_visio_api_prototype\spring-cloud-gcp-vision-api-sample\target\test-classes;C:\Users\aira.fauna.g.ansay\Documents\Google Cloud Vision API\google_cloud_visio_api_prototype\spring-cloud-gcp-vision-api-sample\target\classes;C:\Users\aira.fauna.g.ansay\.m2\repository\org\springframework\cloud\spring-cloud-gcp-starter\1.2.0.RELEASE\spring-cloud-gcp-starter-1.2.0.RELEASE.jar;C:\Users\aira.fauna.g.ansay\.m2\repository\org\springframework\cloud\spring-cloud-gcp-core\1.2.0.RELEASE\spring-cloud-gcp-core-1.2.0.RELEASE.jar;C:\Users\aira.fauna.g.ansay\.m2\repository\com\google\cloud\google-cloud-core\1.91.3\google-cloud-core-1.91.3.jar;C:\Users\aira.fauna.g.ansay\.m2\repository\com\google\protobuf\protobuf-java-util\3.10.0\protobuf-java-util-3.10.0.jar;C:\Users\aira.fauna.g.ansay\.m2\repository\com\google\code\gson\gson\2.8.6\gson-2.8.6.jar;C:\Users\aira.fauna.g.ansay\.m2\repository\com\google\api\grpc\proto-google-iam-v1\0.13.0\proto-google-iam-v1-0.13.0.jar;C:\Users\aira.fauna.g.ansay\.m2\repository\com\google\auth\google-auth-library-credentials\0.18.0\google-auth-library-credentials-0.18.0.jar;C:\Users\aira.fauna.g.ansay\.m2\repository\com\google\auth\google-auth-library-oauth2-http\0.18.0\google-auth-library-oauth2-http-0.18.0.jar;C:\Users\aira.fauna.g.ansay\.m2\repository\com\google\auto\value\auto-value-annotations\1.6.6\auto-value-annotations-1.6.6.jar;C:\Users\aira.fauna.g.ansay\.m2\repository\com\google\http-client\google-http-client\1.32.1\google-http-client-1.32.1.jar;C:\Users\aira.fauna.g.ansay\.m2\repository\org\apache\httpcomponents\httpclient\4.5.10\httpclient-4.5.10.jar;C:\Users\aira.fauna.g.ansay\.m2\repository\commons-codec\commons-codec\1.13\commons-codec-1.13.jar;C:\Users\aira.fauna.g.ansay\.m2\repository\org\apache\httpcomponents\httpcore\4.4.12\httpcore-4.4.12.jar;C:\Users\aira.fauna.g.ansay\.m2\repository\io\opencensus\opencensus-contrib-http-util\0.24.0\opencensus-contrib-http-util-0.24.0.jar;C:\Users\aira.fauna.g.ansay\.m2\repository\com\google\http-client\google-http-client-jackson2\1.32.1\google-http-client-jackson2-1.32.1.jar;C:\Users\aira.fauna.g.ansay\.m2\repository\org\springframework\spring-context\5.2.2.RELEASE\spring-context-5.2.2.RELEASE.jar;C:\Users\aira.fauna.g.ansay\.m2\repository\org\springframework\cloud\spring-cloud-gcp-autoconfigure\1.2.0.RELEASE\spring-cloud-gcp-autoconfigure-1.2.0.RELEASE.jar;C:\Users\aira.fauna.g.ansay\.m2\repository\org\springframework\boot\spring-boot-autoconfigure\2.2.2.RELEASE\spring-boot-autoconfigure-2.2.2.RELEASE.jar;C:\Users\aira.fauna.g.ansay\.m2\repository\org\springframework\boot\spring-boot-starter\2.2.2.RELEASE\spring-boot-starter-2.2.2.RELEASE.jar;C:\Users\aira.fauna.g.ansay\.m2\repository\org\springframework\boot\spring-boot\2.2.2.RELEASE\spring-boot-2.2.2.RELEASE.jar;C:\Users\aira.fauna.g.ansay\.m2\repository\org\springframework\boot\spring-boot-starter-logging\2.2.2.RELEASE\spring-boot-starter-logging-2.2.2.RELEASE.jar;C:\Users\aira.fauna.g.ansay\.m2\repository\ch\qos\logback\logback-classic\1.2.3\logback-classic-1.2.3.jar;C:\Users\aira.fauna.g.ansay\.m2\repository\ch\qos\logback\logback-core\1.2.3\logback-core-1.2.3.jar;C:\Users\aira.fauna.g.ansay\.m2\repository\org\apache\logging\log4j\log4j-to-slf4j\2.12.1\log4j-to-slf4j-2.12.1.jar;C:\Users\aira.fauna.g.ansay\.m2\repository\org\apache\logging\log4j\log4j-api\2.12.1\log4j-api-2.12.1.jar;C:\Users\aira.fauna.g.ansay\.m2\repository\org\slf4j\jul-to-slf4j\1.7.29\jul-to-slf4j-1.7.29.jar;C:\Users\aira.fauna.g.ansay\.m2\repository\jakarta\annotation\jakarta.annotation-api\1.3.5\jakarta.annotation-api-1.3.5.jar;C:\Users\aira.fauna.g.ansay\.m2\repository\org\yaml\snakeyaml\1.25\snakeyaml-1.25.jar;C:\Users\aira.fauna.g.ansay\.m2\repository\org\slf4j\slf4j-api\1.7.29\slf4j-api-1.7.29.jar;C:\Users\aira.fauna.g.ansay\.m2\repository\org\springframework\cloud\spring-cloud-gcp-starter-vision\1.2.0.RELEASE\spring-cloud-gcp-starter-vision-1.2.0.RELEASE.jar;C:\Users\aira.fauna.g.ansay\.m2\repository\org\springframework\cloud\spring-cloud-gcp-vision\1.2.0.RELEASE\spring-cloud-gcp-vision-1.2.0.RELEASE.jar;C:\Users\aira.fauna.g.ansay\.m2\repository\com\google\cloud\google-cloud-vision\1.98.0\google-cloud-vision-1.98.0.jar;C:\Users\aira.fauna.g.ansay\.m2\repository\io\grpc\grpc-stub\1.24.1\grpc-stub-1.24.1.jar;C:\Users\aira.fauna.g.ansay\.m2\repository\io\grpc\grpc-protobuf\1.24.1\grpc-protobuf-1.24.1.jar;C:\Users\aira.fauna.g.ansay\.m2\repository\io\grpc\grpc-protobuf-lite\1.24.1\grpc-protobuf-lite-1.24.1.jar;C:\Users\aira.fauna.g.ansay\.m2\repository\com\google\api\api-common\1.8.1\api-common-1.8.1.jar;C:\Users\aira.fauna.g.ansay\.m2\repository\com\google\code\findbugs\jsr305\3.0.2\jsr305-3.0.2.jar;C:\Users\aira.fauna.g.ansay\.m2\repository\com\google\protobuf\protobuf-java\3.10.0\protobuf-java-3.10.0.jar;C:\Users\aira.fauna.g.ansay\.m2\repository\com\google\api\grpc\proto-google-common-protos\1.17.0\proto-google-common-protos-1.17.0.jar;C:\Users\aira.fauna.g.ansay\.m2\repository\com\google\api\grpc\proto-google-cloud-vision-v1p4beta1\0.81.0\proto-google-cloud-vision-v1p4beta1-0.81.0.jar;C:\Users\aira.fauna.g.ansay\.m2\repository\com\google\api\grpc\proto-google-cloud-vision-v1\1.80.0\proto-google-cloud-vision-v1-1.80.0.jar;C:\Users\aira.fauna.g.ansay\.m2\repository\com\google\api\grpc\proto-google-cloud-vision-v1p1beta1\0.81.0\proto-google-cloud-vision-v1p1beta1-0.81.0.jar;C:\Users\aira.fauna.g.ansay\.m2\repository\com\google\api\grpc\proto-google-cloud-vision-v1p3beta1\0.81.0\proto-google-cloud-vision-v1p3beta1-0.81.0.jar;C:\Users\aira.fauna.g.ansay\.m2\repository\com\google\api\grpc\proto-google-cloud-vision-v1p2beta1\1.80.0\proto-google-cloud-vision-v1p2beta1-1.80.0.jar;C:\Users\aira.fauna.g.ansay\.m2\repository\com\google\guava\guava\28.1-android\guava-28.1-android.jar;C:\Users\aira.fauna.g.ansay\.m2\repository\com\google\guava\failureaccess\1.0.1\failureaccess-1.0.1.jar;C:\Users\aira.fauna.g.ansay\.m2\repository\com\google\guava\listenablefuture\9999.0-empty-to-avoid-conflict-with-guava\listenablefuture-9999.0-empty-to-avoid-conflict-with-guava.jar;C:\Users\aira.fauna.g.ansay\.m2\repository\org\checkerframework\checker-compat-qual\2.5.5\checker-compat-qual-2.5.5.jar;C:\Users\aira.fauna.g.ansay\.m2\repository\com\google\errorprone\error_prone_annotations\2.3.2\error_prone_annotations-2.3.2.jar;C:\Users\aira.fauna.g.ansay\.m2\repository\com\google\j2objc\j2objc-annotations\1.3\j2objc-annotations-1.3.jar;C:\Users\aira.fauna.g.ansay\.m2\repository\org\codehaus\mojo\animal-sniffer-annotations\1.18\animal-sniffer-annotations-1.18.jar;C:\Users\aira.fauna.g.ansay\.m2\repository\com\google\api\gax\1.49.1\gax-1.49.1.jar;C:\Users\aira.fauna.g.ansay\.m2\repository\io\opencensus\opencensus-api\0.24.0\opencensus-api-0.24.0.jar;C:\Users\aira.fauna.g.ansay\.m2\repository\io\grpc\grpc-context\1.22.1\grpc-context-1.22.1.jar;C:\Users\aira.fauna.g.ansay\.m2\repository\com\google\api\gax-grpc\1.49.1\gax-grpc-1.49.1.jar;C:\Users\aira.fauna.g.ansay\.m2\repository\io\grpc\grpc-auth\1.23.0\grpc-auth-1.23.0.jar;C:\Users\aira.fauna.g.ansay\.m2\repository\io\grpc\grpc-api\1.23.0\grpc-api-1.23.0.jar;C:\Users\aira.fauna.g.ansay\.m2\repository\io\grpc\grpc-netty-shaded\1.23.0\grpc-netty-shaded-1.23.0.jar;C:\Users\aira.fauna.g.ansay\.m2\repository\io\grpc\grpc-core\1.23.0\grpc-core-1.23.0.jar;C:\Users\aira.fauna.g.ansay\.m2\repository\com\google\android\annotations\4.1.1.4\annotations-4.1.1.4.jar;C:\Users\aira.fauna.g.ansay\.m2\repository\io\perfmark\perfmark-api\0.17.0\perfmark-api-0.17.0.jar;C:\Users\aira.fauna.g.ansay\.m2\repository\io\opencensus\opencensus-contrib-grpc-metrics\0.21.0\opencensus-contrib-grpc-metrics-0.21.0.jar;C:\Users\aira.fauna.g.ansay\.m2\repository\io\grpc\grpc-alts\1.23.0\grpc-alts-1.23.0.jar;C:\Users\aira.fauna.g.ansay\.m2\repository\io\grpc\grpc-grpclb\1.23.0\grpc-grpclb-1.23.0.jar;C:\Users\aira.fauna.g.ansay\.m2\repository\org\apache\commons\commons-lang3\3.9\commons-lang3-3.9.jar;C:\Users\aira.fauna.g.ansay\.m2\repository\org\threeten\threetenbp\1.4.0\threetenbp-1.4.0.jar;C:\Users\aira.fauna.g.ansay\.m2\repository\javax\annotation\javax.annotation-api\1.3.2\javax.annotation-api-1.3.2.jar;C:\Users\aira.fauna.g.ansay\.m2\repository\org\springframework\boot\spring-boot-starter-web\2.2.2.RELEASE\spring-boot-starter-web-2.2.2.RELEASE.jar;C:\Users\aira.fauna.g.ansay\.m2\repository\org\springframework\boot\spring-boot-starter-json\2.2.2.RELEASE\spring-boot-starter-json-2.2.2.RELEASE.jar;C:\Users\aira.fauna.g.ansay\.m2\repository\com\fasterxml\jackson\core\jackson-databind\2.10.1\jackson-databind-2.10.1.jar;C:\Users\aira.fauna.g.ansay\.m2\repository\com\fasterxml\jackson\core\jackson-annotations\2.10.1\jackson-annotations-2.10.1.jar;C:\Users\aira.fauna.g.ansay\.m2\repository\com\fasterxml\jackson\core\jackson-core\2.10.1\jackson-core-2.10.1.jar;C:\Users\aira.fauna.g.ansay\.m2\repository\com\fasterxml\jackson\datatype\jackson-datatype-jdk8\2.10.1\jackson-datatype-jdk8-2.10.1.jar;C:\Users\aira.fauna.g.ansay\.m2\repository\com\fasterxml\jackson\datatype\jackson-datatype-jsr310\2.10.1\jackson-datatype-jsr310-2.10.1.jar;C:\Users\aira.fauna.g.ansay\.m2\repository\com\fasterxml\jackson\module\jackson-module-parameter-names\2.10.1\jackson-module-parameter-names-2.10.1.jar;C:\Users\aira.fauna.g.ansay\.m2\repository\org\springframework\boot\spring-boot-starter-tomcat\2.2.2.RELEASE\spring-boot-starter-tomcat-2.2.2.RELEASE.jar;C:\Users\aira.fauna.g.ansay\.m2\repository\org\apache\tomcat\embed\tomcat-embed-core\9.0.29\tomcat-embed-core-9.0.29.jar;C:\Users\aira.fauna.g.ansay\.m2\repository\org\apache\tomcat\embed\tomcat-embed-el\9.0.29\tomcat-embed-el-9.0.29.jar;C:\Users\aira.fauna.g.ansay\.m2\repository\org\apache\tomcat\embed\tomcat-embed-websocket\9.0.29\tomcat-embed-websocket-9.0.29.jar;C:\Users\aira.fauna.g.ansay\.m2\repository\org\springframework\boot\spring-boot-starter-validation\2.2.2.RELEASE\spring-boot-starter-validation-2.2.2.RELEASE.jar;C:\Users\aira.fauna.g.ansay\.m2\repository\jakarta\validation\jakarta.validation-api\2.0.1\jakarta.validation-api-2.0.1.jar;C:\Users\aira.fauna.g.ansay\.m2\repository\org\hibernate\validator\hibernate-validator\6.0.18.Final\hibernate-validator-6.0.18.Final.jar;C:\Users\aira.fauna.g.ansay\.m2\repository\org\jboss\logging\jboss-logging\3.4.1.Final\jboss-logging-3.4.1.Final.jar;C:\Users\aira.fauna.g.ansay\.m2\repository\com\fasterxml\classmate\1.5.1\classmate-1.5.1.jar;C:\Users\aira.fauna.g.ansay\.m2\repository\org\springframework\spring-web\5.2.2.RELEASE\spring-web-5.2.2.RELEASE.jar;C:\Users\aira.fauna.g.ansay\.m2\repository\org\springframework\spring-beans\5.2.2.RELEASE\spring-beans-5.2.2.RELEASE.jar;C:\Users\aira.fauna.g.ansay\.m2\repository\org\springframework\spring-webmvc\5.2.2.RELEASE\spring-webmvc-5.2.2.RELEASE.jar;C:\Users\aira.fauna.g.ansay\.m2\repository\org\springframework\spring-aop\5.2.2.RELEASE\spring-aop-5.2.2.RELEASE.jar;C:\Users\aira.fauna.g.ansay\.m2\repository\org\springframework\spring-expression\5.2.2.RELEASE\spring-expression-5.2.2.RELEASE.jar;C:\Users\aira.fauna.g.ansay\.m2\repository\org\conscrypt\conscrypt-openjdk-uber\2.2.1\conscrypt-openjdk-uber-2.2.1.jar;C:\Users\aira.fauna.g.ansay\.m2\repository\org\springframework\boot\spring-boot-starter-thymeleaf\2.2.2.RELEASE\spring-boot-starter-thymeleaf-2.2.2.RELEASE.jar;C:\Users\aira.fauna.g.ansay\.m2\repository\org\thymeleaf\thymeleaf-spring5\3.0.11.RELEASE\thymeleaf-spring5-3.0.11.RELEASE.jar;C:\Users\aira.fauna.g.ansay\.m2\repository\org\thymeleaf\thymeleaf\3.0.11.RELEASE\thymeleaf-3.0.11.RELEASE.jar;C:\Users\aira.fauna.g.ansay\.m2\repository\org\attoparser\attoparser\2.0.5.RELEASE\attoparser-2.0.5.RELEASE.jar;C:\Users\aira.fauna.g.ansay\.m2\repository\org\unbescape\unbescape\1.1.6.RELEASE\unbescape-1.1.6.RELEASE.jar;C:\Users\aira.fauna.g.ansay\.m2\repository\org\thymeleaf\extras\thymeleaf-extras-java8time\3.0.4.RELEASE\thymeleaf-extras-java8time-3.0.4.RELEASE.jar;C:\Users\aira.fauna.g.ansay\.m2\repository\org\awaitility\awaitility\4.0.1\awaitility-4.0.1.jar;C:\Users\aira.fauna.g.ansay\.m2\repository\org\hamcrest\hamcrest\2.1\hamcrest-2.1.jar;C:\Users\aira.fauna.g.ansay\.m2\repository\junit\junit\4.12\junit-4.12.jar;C:\Users\aira.fauna.g.ansay\.m2\repository\org\hamcrest\hamcrest-core\2.1\hamcrest-core-2.1.jar;C:\Users\aira.fauna.g.ansay\.m2\repository\org\springframework\boot\spring-boot-starter-test\2.2.2.RELEASE\spring-boot-starter-test-2.2.2.RELEASE.jar;C:\Users\aira.fauna.g.ansay\.m2\repository\org\springframework\boot\spring-boot-test\2.2.2.RELEASE\spring-boot-test-2.2.2.RELEASE.jar;C:\Users\aira.fauna.g.ansay\.m2\repository\org\springframework\boot\spring-boot-test-autoconfigure\2.2.2.RELEASE\spring-boot-test-autoconfigure-2.2.2.RELEASE.jar;C:\Users\aira.fauna.g.ansay\.m2\repository\com\jayway\jsonpath\json-path\2.4.0\json-path-2.4.0.jar;C:\Users\aira.fauna.g.ansay\.m2\repository\net\minidev\json-smart\2.3\json-smart-2.3.jar;C:\Users\aira.fauna.g.ansay\.m2\repository\net\minidev\accessors-smart\1.2\accessors-smart-1.2.jar;C:\Users\aira.fauna.g.ansay\.m2\repository\org\ow2\asm\asm\5.0.4\asm-5.0.4.jar;C:\Users\aira.fauna.g.ansay\.m2\repository\jakarta\xml\bind\jakarta.xml.bind-api\2.3.2\jakarta.xml.bind-api-2.3.2.jar;C:\Users\aira.fauna.g.ansay\.m2\repository\jakarta\activation\jakarta.activation-api\1.2.1\jakarta.activation-api-1.2.1.jar;C:\Users\aira.fauna.g.ansay\.m2\repository\org\junit\jupiter\junit-jupiter\5.5.2\junit-jupiter-5.5.2.jar;C:\Users\aira.fauna.g.ansay\.m2\repository\org\junit\jupiter\junit-jupiter-api\5.5.2\junit-jupiter-api-5.5.2.jar;C:\Users\aira.fauna.g.ansay\.m2\repository\org\opentest4j\opentest4j\1.2.0\opentest4j-1.2.0.jar;C:\Users\aira.fauna.g.ansay\.m2\repository\org\junit\platform\junit-platform-commons\1.5.2\junit-platform-commons-1.5.2.jar;C:\Users\aira.fauna.g.ansay\.m2\repository\org\junit\jupiter\junit-jupiter-params\5.5.2\junit-jupiter-params-5.5.2.jar;C:\Users\aira.fauna.g.ansay\.m2\repository\org\junit\jupiter\junit-jupiter-engine\5.5.2\junit-jupiter-engine-5.5.2.jar;C:\Users\aira.fauna.g.ansay\.m2\repository\org\junit\vintage\junit-vintage-engine\5.5.2\junit-vintage-engine-5.5.2.jar;C:\Users\aira.fauna.g.ansay\.m2\repository\org\apiguardian\apiguardian-api\1.1.0\apiguardian-api-1.1.0.jar;C:\Users\aira.fauna.g.ansay\.m2\repository\org\junit\platform\junit-platform-engine\1.5.2\junit-platform-engine-1.5.2.jar;C:\Users\aira.fauna.g.ansay\.m2\repository\org\mockito\mockito-junit-jupiter\3.1.0\mockito-junit-jupiter-3.1.0.jar;C:\Users\aira.fauna.g.ansay\.m2\repository\org\assertj\assertj-core\3.13.2\assertj-core-3.13.2.jar;C:\Users\aira.fauna.g.ansay\.m2\repository\org\mockito\mockito-core\3.1.0\mockito-core-3.1.0.jar;C:\Users\aira.fauna.g.ansay\.m2\repository\net\bytebuddy\byte-buddy\1.10.4\byte-buddy-1.10.4.jar;C:\Users\aira.fauna.g.ansay\.m2\repository\net\bytebuddy\byte-buddy-agent\1.10.4\byte-buddy-agent-1.10.4.jar;C:\Users\aira.fauna.g.ansay\.m2\repository\org\objenesis\objenesis\2.6\objenesis-2.6.jar;C:\Users\aira.fauna.g.ansay\.m2\repository\org\skyscreamer\jsonassert\1.5.0\jsonassert-1.5.0.jar;C:\Users\aira.fauna.g.ansay\.m2\repository\com\vaadin\external\google\android-json\0.0.20131108.vaadin1\android-json-0.0.20131108.vaadin1.jar;C:\Users\aira.fauna.g.ansay\.m2\repository\org\springframework\spring-core\5.2.2.RELEASE\spring-core-5.2.2.RELEASE.jar;C:\Users\aira.fauna.g.ansay\.m2\repository\org\springframework\spring-jcl\5.2.2.RELEASE\spring-jcl-5.2.2.RELEASE.jar;C:\Users\aira.fauna.g.ansay\.m2\repository\org\springframework\spring-test\5.2.2.RELEASE\spring-test-5.2.2.RELEASE.jar;C:\Users\aira.fauna.g.ansay\.m2\repository\org\xmlunit\xmlunit-core\2.6.3\xmlunit-core-2.6.3.jar;C:\Users\aira.fauna.g.ansay\.m2\repository\commons-io\commons-io\2.5\commons-io-2.5.jar;"/>
    <property name="sun.cpu.endian" value="little"/>
    <property name="user.home" value="C:\Users\aira.fauna.g.ansay"/>
    <property name="user.language" value="en"/>
    <property name="java.specification.vendor" value="Oracle Corporation"/>
    <property name="java.version.date" value="2019-10-15"/>
    <property name="java.home" value="C:\Program Files (x86)\Java\openjdk-11.0.5_10"/>
    <property name="file.separator" value="\"/>
    <property name="basedir" value="C:\Users\aira.fauna.g.ansay\Documents\Google Cloud Vision API\google_cloud_visio_api_prototype\spring-cloud-gcp-vision-api-sample"/>
    <property name="java.vm.compressedOopsMode" value="32-bit"/>
    <property name="line.separator" value="&#10;"/>
    <property name="java.specification.name" value="Java Platform API Specification"/>
    <property name="java.vm.specification.vendor" value="Oracle Corporation"/>
    <property name="java.awt.graphicsenv" value="sun.awt.Win32GraphicsEnvironment"/>
    <property name="surefire.real.class.path" value="C:\Users\AIRAFA~1.ANS\AppData\Local\Temp\surefire6288817582880959874\surefirebooter12091960388954428919.jar"/>
    <property name="user.script" value=""/>
    <property name="sun.management.compiler" value="HotSpot 64-Bit Tiered Compilers"/>
    <property name="java.runtime.version" value="11.0.5+10"/>
    <property name="user.name" value="aira.fauna.g.ansay"/>
    <property name="path.separator" value=";"/>
    <property name="os.version" value="10.0"/>
    <property name="java.runtime.name" value="OpenJDK Runtime Environment"/>
    <property name="file.encoding" value="Cp1252"/>
    <property name="java.vm.name" value="OpenJDK 64-Bit Server VM"/>
    <property name="java.vendor.version" value="18.9"/>
    <property name="localRepository" value="C:\Users\aira.fauna.g.ansay\.m2\repository"/>
    <property name="java.vendor.url.bug" value="http://bugreport.java.com/bugreport/"/>
    <property name="java.io.tmpdir" value="C:\Users\AIRAFA~1.ANS\AppData\Local\Temp\"/>
    <property name="java.version" value="11.0.5"/>
    <property name="user.dir" value="C:\Users\aira.fauna.g.ansay\Documents\Google Cloud Vision API\google_cloud_visio_api_prototype\spring-cloud-gcp-vision-api-sample"/>
    <property name="os.arch" value="amd64"/>
    <property name="java.vm.specification.name" value="Java Virtual Machine Specification"/>
    <property name="java.awt.printerjob" value="sun.awt.windows.WPrinterJob"/>
    <property name="sun.os.patch.level" value=""/>
    <property name="java.library.path" value="C:\Program Files (x86)\Java\openjdk-11.0.5_10\bin;C:\windows\Sun\Java\bin;C:\windows\system32;C:\windows;C:\Program Files (x86)\Java\openjdk-11.0.5_10\bin;C:\Users\aira.fauna.g.ansay\Downloads\apache-maven-3.6.3-bin\apache-maven-3.6.3\bin;C:\Python27\;C:\Python27\Scripts;C:\Program Files (x86)\Common Files\Oracle\Java\javapath;C:\windows\system32;C:\windows;C:\windows\System32\Wbem;C:\windows\System32\WindowsPowerShell\v1.0\;C:\windows\System32\OpenSSH\;C:\Program Files (x86)\Symantec\VIP Access Client\;C:\Program Files (x86)\Intel\Services\IPT\;C:\Program Files\nodejs\;C:\ProgramData\chocolatey\bin;C:\Users\aira.fauna.g.ansay\AppData\Local\Microsoft\WindowsApps;C:\Users\aira.fauna.g.ansay\AppData\Local\Google\Cloud SDK\google-cloud-sdk\bin;C:\Users\aira.fauna.g.ansay\AppData\Roaming\npm;."/>
    <property name="java.vendor" value="Oracle Corporation"/>
    <property name="java.vm.info" value="mixed mode"/>
    <property name="java.vm.version" value="11.0.5+10"/>
    <property name="sun.io.unicode.encoding" value="UnicodeLittle"/>
    <property name="java.class.version" value="55.0"/>
  </properties>
  <testcase name="com.example.VisionApiSampleApplicationTests" classname="com.example.VisionApiSampleApplicationTests" time="0">
    <skipped message="Vision Sample integration tests are disabled. Please use &apos;-Dit.vision=true&apos; to enable them.: got: null, expected: is &quot;true&quot;" type="org.junit.AssumptionViolatedException">org.junit.AssumptionViolatedException: Vision Sample integration tests are disabled. Please use '-Dit.vision=true' to enable them.: got: null, expected: is "true"
	at com.example.VisionApiSampleApplicationTests.prepare(VisionApiSampleApplicationTests.java:54)
</skipped>
    <system-out><![CDATA[15:44:22.787 [main] INFO  o.s.b.t.c.SpringBootTestContextBootstrapper - Neither @ContextConfiguration nor @ContextHierarchy found for test class [com.example.VisionApiSampleApplicationTests], using SpringBootContextLoader
15:44:22.798 [main] INFO  o.s.t.c.s.AbstractContextLoader - Could not detect default resource locations for test class [com.example.VisionApiSampleApplicationTests]: no resource found for suffixes {-context.xml, Context.groovy}.
15:44:22.800 [main] INFO  o.s.t.c.s.AnnotationConfigContextLoaderUtils - Could not detect default configuration classes for test class [com.example.VisionApiSampleApplicationTests]: VisionApiSampleApplicationTests does not declare any static, non-private, non-final, nested classes annotated with @Configuration.
15:44:23.049 [main] INFO  o.s.b.t.c.SpringBootTestContextBootstrapper - Found @SpringBootConfiguration com.example.Application for test class com.example.VisionApiSampleApplicationTests
15:44:23.249 [main] INFO  o.s.b.t.c.SpringBootTestContextBootstrapper - Loaded default TestExecutionListener class names from location [META-INF/spring.factories]: [org.springframework.boot.test.mock.mockito.MockitoTestExecutionListener, org.springframework.boot.test.mock.mockito.ResetMocksTestExecutionListener, org.springframework.boot.test.autoconfigure.restdocs.RestDocsTestExecutionListener, org.springframework.boot.test.autoconfigure.web.client.MockRestServiceServerResetTestExecutionListener, org.springframework.boot.test.autoconfigure.web.servlet.MockMvcPrintOnlyOnFailureTestExecutionListener, org.springframework.boot.test.autoconfigure.web.servlet.WebDriverTestExecutionListener, org.springframework.test.context.web.ServletTestExecutionListener, org.springframework.test.context.support.DirtiesContextBeforeModesTestExecutionListener, org.springframework.test.context.support.DependencyInjectionTestExecutionListener, org.springframework.test.context.support.DirtiesContextTestExecutionListener, org.springframework.test.context.transaction.TransactionalTestExecutionListener, org.springframework.test.context.jdbc.SqlScriptsTestExecutionListener, org.springframework.test.context.event.EventPublishingTestExecutionListener]
15:44:23.271 [main] INFO  o.s.b.t.c.SpringBootTestContextBootstrapper - Using TestExecutionListeners: [org.springframework.test.context.web.ServletTestExecutionListener@4a335fa8, org.springframework.test.context.support.DirtiesContextBeforeModesTestExecutionListener@3f363cf5, org.springframework.boot.test.mock.mockito.MockitoTestExecutionListener@3829ac1, org.springframework.boot.test.autoconfigure.SpringBootDependencyInjectionTestExecutionListener@4baf352a, org.springframework.test.context.support.DirtiesContextTestExecutionListener@1bb1fde8, org.springframework.test.context.event.EventPublishingTestExecutionListener@15eebbff, org.springframework.boot.test.mock.mockito.ResetMocksTestExecutionListener@22d6f11, org.springframework.boot.test.autoconfigure.restdocs.RestDocsTestExecutionListener@30990c1b, org.springframework.boot.test.autoconfigure.web.client.MockRestServiceServerResetTestExecutionListener@2453f95d, org.springframework.boot.test.autoconfigure.web.servlet.MockMvcPrintOnlyOnFailureTestExecutionListener@44828f6b, org.springframework.boot.test.autoconfigure.web.servlet.WebDriverTestExecutionListener@2dbe250d]
15:44:23.363 [main] INFO  o.s.b.t.c.SpringBootTestContextBootstrapper - Neither @ContextConfiguration nor @ContextHierarchy found for test class [com.example.VisionApiSampleApplicationTests], using SpringBootContextLoader
15:44:23.365 [main] INFO  o.s.t.c.s.AbstractContextLoader - Could not detect default resource locations for test class [com.example.VisionApiSampleApplicationTests]: no resource found for suffixes {-context.xml, Context.groovy}.
15:44:23.365 [main] INFO  o.s.t.c.s.AnnotationConfigContextLoaderUtils - Could not detect default configuration classes for test class [com.example.VisionApiSampleApplicationTests]: VisionApiSampleApplicationTests does not declare any static, non-private, non-final, nested classes annotated with @Configuration.
15:44:23.374 [main] INFO  o.s.b.t.c.SpringBootTestContextBootstrapper - Found @SpringBootConfiguration com.example.Application for test class com.example.VisionApiSampleApplicationTests
15:44:23.383 [main] INFO  o.s.b.t.c.SpringBootTestContextBootstrapper - Loaded default TestExecutionListener class names from location [META-INF/spring.factories]: [org.springframework.boot.test.mock.mockito.MockitoTestExecutionListener, org.springframework.boot.test.mock.mockito.ResetMocksTestExecutionListener, org.springframework.boot.test.autoconfigure.restdocs.RestDocsTestExecutionListener, org.springframework.boot.test.autoconfigure.web.client.MockRestServiceServerResetTestExecutionListener, org.springframework.boot.test.autoconfigure.web.servlet.MockMvcPrintOnlyOnFailureTestExecutionListener, org.springframework.boot.test.autoconfigure.web.servlet.WebDriverTestExecutionListener, org.springframework.test.context.web.ServletTestExecutionListener, org.springframework.test.context.support.DirtiesContextBeforeModesTestExecutionListener, org.springframework.test.context.support.DependencyInjectionTestExecutionListener, org.springframework.test.context.support.DirtiesContextTestExecutionListener, org.springframework.test.context.transaction.TransactionalTestExecutionListener, org.springframework.test.context.jdbc.SqlScriptsTestExecutionListener, org.springframework.test.context.event.EventPublishingTestExecutionListener]
15:44:23.389 [main] INFO  o.s.b.t.c.SpringBootTestContextBootstrapper - Using TestExecutionListeners: [org.springframework.test.context.web.ServletTestExecutionListener@58670130, org.springframework.test.context.support.DirtiesContextBeforeModesTestExecutionListener@74e47444, org.springframework.boot.test.mock.mockito.MockitoTestExecutionListener@9bd0fa6, org.springframework.boot.test.autoconfigure.SpringBootDependencyInjectionTestExecutionListener@59d2103b, org.springframework.test.context.support.DirtiesContextTestExecutionListener@39dcf4b0, org.springframework.test.context.event.EventPublishingTestExecutionListener@6e4de19b, org.springframework.boot.test.mock.mockito.ResetMocksTestExecutionListener@f6c03cb, org.springframework.boot.test.autoconfigure.restdocs.RestDocsTestExecutionListener@46f699d5, org.springframework.boot.test.autoconfigure.web.client.MockRestServiceServerResetTestExecutionListener@18518ccf, org.springframework.boot.test.autoconfigure.web.servlet.MockMvcPrintOnlyOnFailureTestExecutionListener@1991f767, org.springframework.boot.test.autoconfigure.web.servlet.WebDriverTestExecutionListener@768ccdc5]
]]></system-out>
  </testcase>
</testsuite>